#
# There is insufficient memory for the Java Runtime Environment to continue.
# Native memory allocation (mmap) failed to map 65536 bytes. Error detail: Failed to commit metaspace.
# Possible reasons:
#   The system is out of physical RAM or swap space
#   This process is running with CompressedOops enabled, and the Java Heap may be blocking the growth of the native heap
# Possible solutions:
#   Reduce memory load on the system
#   Increase physical memory or swap space
#   Check if swap backing store is full
#   Decrease Java heap size (-Xmx/-Xms)
#   Decrease number of Java threads
#   Decrease Java thread stack sizes (-Xss)
#   Set larger code cache with -XX:ReservedCodeCacheSize=
#   JVM is running with Unscaled Compressed Oops mode in which the Java heap is
#     placed in the first 4GB address space. The Java Heap base address is the
#     maximum limit for the native heap growth. Please use -XX:HeapBaseMinAddress
#     to set the Java Heap base and to place the Java Heap above 4GB virtual address.
# This output file may be truncated or incomplete.
#
#  Out of Memory Error (virtualSpaceNode.cpp:113), pid=20456, tid=21116
#
# JRE version: OpenJDK Runtime Environment Temurin-21.0.7+6 (21.0.7+6) (build 21.0.7+6-LTS)
# Java VM: OpenJDK 64-Bit Server VM Temurin-21.0.7+6 (21.0.7+6-LTS, mixed mode, sharing, tiered, compressed oops, compressed class ptrs, parallel gc, windows-amd64)
# No core dump will be written. Minidumps are not enabled by default on client versions of Windows
#

---------------  S U M M A R Y ------------

Command Line: --add-modules=ALL-SYSTEM --add-opens=java.base/java.util=ALL-UNNAMED --add-opens=java.base/java.lang=ALL-UNNAMED --add-opens=java.base/sun.nio.fs=ALL-UNNAMED -Declipse.application=org.eclipse.jdt.ls.core.id1 -Dosgi.bundles.defaultStartLevel=4 -Declipse.product=org.eclipse.jdt.ls.core.product -Djava.import.generatesMetadataFilesAtProjectRoot=false -DDetectVMInstallationsJob.disabled=true -Dfile.encoding=utf8 -XX:+UseParallelGC -XX:GCTimeRatio=4 -XX:AdaptiveSizePolicyWeight=90 -Dsun.zip.disableMemoryMapping=true -Xmx2G -Xms100m -Xlog:disable -javaagent:c:\Users\kkini\.vscode\extensions\redhat.java-1.43.1-win32-x64\lombok\lombok-1.18.39-4050.jar c:\Users\kkini\.vscode\extensions\redhat.java-1.43.1-win32-x64\server\plugins\org.eclipse.equinox.launcher_1.7.0.v20250519-0528.jar -configuration c:\Users\kkini\AppData\Roaming\Code\User\globalStorage\redhat.java\1.43.1\config_ss_win -data c:\Users\kkini\AppData\Roaming\Code\User\workspaceStorage\fa1e1fb80b6c2073ac49b9864d208935\redhat.java\ss_ws --pipe=\\.\pipe\lsp-bb78756e3b4b3bc88710077856257930-sock

Host: Intel(R) Core(TM) i5-10210U CPU @ 1.60GHz, 8 cores, 7G,  Windows 11 , 64 bit Build 22000 (10.0.22000.2538)
Time: Thu Jul  3 14:38:27 2025 India Standard Time elapsed time: 3.503351 seconds (0d 0h 0m 3s)

---------------  T H R E A D  ---------------

Current thread (0x000001c8fcb11a50):  JavaThread "Start Level: Equinox Container: 390970be-a2e1-4072-bf7b-559dd6f43ebb" daemon [_thread_in_vm, id=21116, stack(0x00000075ef700000,0x00000075ef800000) (1024K)]

Stack: [0x00000075ef700000,0x00000075ef800000]
Native frames: (J=compiled Java code, j=interpreted, Vv=VM code, C=native code)
V  [jvm.dll+0x6ce119]
V  [jvm.dll+0x8a84a1]
V  [jvm.dll+0x8aa9ce]
V  [jvm.dll+0x8ab0b3]
V  [jvm.dll+0x27f8a6]
V  [jvm.dll+0x8a41ee]
V  [jvm.dll+0x670575]
V  [jvm.dll+0x6705da]
V  [jvm.dll+0x672dc2]
V  [jvm.dll+0x672c92]
V  [jvm.dll+0x670f4e]
V  [jvm.dll+0x3becef]
V  [jvm.dll+0x20d78b]
V  [jvm.dll+0x5ae5b6]
V  [jvm.dll+0x21d26a]
V  [jvm.dll+0x820d6c]
V  [jvm.dll+0x821d94]
V  [jvm.dll+0x822362]
V  [jvm.dll+0x821fe8]
V  [jvm.dll+0x26cf1b]
V  [jvm.dll+0x3d493e]
C  0x000001c8ee639274

The last pc belongs to new (printed below).
Java frames: (J=compiled Java code, j=interpreted, Vv=VM code)
j  com.sun.org.apache.xerces.internal.impl.dtd.XMLDTDValidator.<init>()V+215 java.xml@21.0.7
j  com.sun.org.apache.xerces.internal.impl.dtd.XMLNSDTDValidator.<init>()V+1 java.xml@21.0.7
j  com.sun.org.apache.xerces.internal.parsers.XML11Configuration.<init>(Lcom/sun/org/apache/xerces/internal/util/SymbolTable;Lcom/sun/org/apache/xerces/internal/xni/grammars/XMLGrammarPool;Lcom/sun/org/apache/xerces/internal/xni/parser/XMLComponentManager;)V+1105 java.xml@21.0.7
j  com.sun.org.apache.xerces.internal.parsers.XIncludeAwareParserConfiguration.<init>(Lcom/sun/org/apache/xerces/internal/util/SymbolTable;Lcom/sun/org/apache/xerces/internal/xni/grammars/XMLGrammarPool;Lcom/sun/org/apache/xerces/internal/xni/parser/XMLComponentManager;)V+4 java.xml@21.0.7
j  com.sun.org.apache.xerces.internal.parsers.XIncludeAwareParserConfiguration.<init>()V+4 java.xml@21.0.7
j  com.sun.org.apache.xerces.internal.parsers.SAXParser.<init>(Lcom/sun/org/apache/xerces/internal/util/SymbolTable;Lcom/sun/org/apache/xerces/internal/xni/grammars/XMLGrammarPool;)V+5 java.xml@21.0.7
j  com.sun.org.apache.xerces.internal.parsers.SAXParser.<init>()V+3 java.xml@21.0.7
j  com.sun.org.apache.xerces.internal.jaxp.SAXParserImpl$JAXPSAXParser.<init>(Lcom/sun/org/apache/xerces/internal/jaxp/SAXParserImpl;Lcom/sun/org/apache/xerces/internal/utils/XMLSecurityPropertyManager;Lcom/sun/org/apache/xerces/internal/utils/XMLSecurityManager;)V+1 java.xml@21.0.7
j  com.sun.org.apache.xerces.internal.jaxp.SAXParserImpl.<init>(Lcom/sun/org/apache/xerces/internal/jaxp/SAXParserFactoryImpl;Ljava/util/Map;Z)V+46 java.xml@21.0.7
j  com.sun.org.apache.xerces.internal.jaxp.SAXParserFactoryImpl.newSAXParser()Ljavax/xml/parsers/SAXParser;+13 java.xml@21.0.7
j  org.apache.felix.scr.impl.BundleComponentActivator.loadDescriptor(Ljava/net/URL;)V+64
j  org.apache.felix.scr.impl.BundleComponentActivator.initialize(Ljava/util/List;)V+221
j  org.apache.felix.scr.impl.BundleComponentActivator.<init>(Lorg/apache/felix/scr/impl/logger/ScrLogger;Lorg/apache/felix/scr/impl/ComponentRegistry;Lorg/apache/felix/scr/impl/ComponentActorThread;Lorg/osgi/framework/BundleContext;Lorg/apache/felix/scr/impl/manager/ScrConfiguration;Ljava/util/List;Lorg/osgi/framework/ServiceReference;)V+124
j  org.apache.felix.scr.impl.Activator.loadComponents(Lorg/osgi/framework/Bundle;)V+385
j  org.apache.felix.scr.impl.Activator.access$200(Lorg/apache/felix/scr/impl/Activator;Lorg/osgi/framework/Bundle;)V+2
j  org.apache.felix.scr.impl.Activator$ScrExtension.start()V+72
j  org.apache.felix.scr.impl.AbstractExtender.createExtension(Lorg/osgi/framework/Bundle;)V+71
j  org.apache.felix.scr.impl.AbstractExtender.modifiedBundle(Lorg/osgi/framework/Bundle;Lorg/osgi/framework/BundleEvent;Lorg/osgi/framework/Bundle;)V+115
j  org.apache.felix.scr.impl.AbstractExtender.addingBundle(Lorg/osgi/framework/Bundle;Lorg/osgi/framework/BundleEvent;)Lorg/osgi/framework/Bundle;+4
j  org.apache.felix.scr.impl.AbstractExtender.addingBundle(Lorg/osgi/framework/Bundle;Lorg/osgi/framework/BundleEvent;)Ljava/lang/Object;+3
j  org.osgi.util.tracker.BundleTracker$Tracked.customizerAdding(Lorg/osgi/framework/Bundle;Lorg/osgi/framework/BundleEvent;)Ljava/lang/Object;+9
j  org.osgi.util.tracker.BundleTracker$Tracked.customizerAdding(Ljava/lang/Object;Ljava/lang/Object;)Ljava/lang/Object;+9
j  org.osgi.util.tracker.AbstractTracked.trackAdding(Ljava/lang/Object;Ljava/lang/Object;)V+8
j  org.osgi.util.tracker.AbstractTracked.track(Ljava/lang/Object;Ljava/lang/Object;)V+83
j  org.osgi.util.tracker.BundleTracker$Tracked.bundleChanged(Lorg/osgi/framework/BundleEvent;)V+35
j  org.eclipse.osgi.internal.framework.BundleContextImpl.dispatchEvent(Ljava/lang/Object;Ljava/lang/Object;ILjava/lang/Object;)V+166
j  org.eclipse.osgi.framework.eventmgr.EventManager.dispatchEvent(Ljava/util/Set;Lorg/eclipse/osgi/framework/eventmgr/EventDispatcher;ILjava/lang/Object;)V+48
j  org.eclipse.osgi.framework.eventmgr.ListenerQueue.dispatchEventSynchronous(ILjava/lang/Object;)V+67
j  org.eclipse.osgi.internal.framework.EquinoxEventPublisher.publishBundleEventPrivileged(Lorg/osgi/framework/BundleEvent;)V+547
j  org.eclipse.osgi.internal.framework.EquinoxEventPublisher.publishBundleEvent(Lorg/osgi/framework/BundleEvent;)V+8
j  org.eclipse.osgi.internal.framework.EquinoxEventPublisher.publishBundleEvent(ILorg/osgi/framework/Bundle;Lorg/osgi/framework/Bundle;)V+15
j  org.eclipse.osgi.internal.framework.EquinoxContainerAdaptor.publishModuleEvent(Lorg/eclipse/osgi/container/ModuleContainerAdaptor$ModuleEvent;Lorg/eclipse/osgi/container/Module;Lorg/eclipse/osgi/container/Module;)V+29
j  org.eclipse.osgi.container.Module.publishEvent(Lorg/eclipse/osgi/container/ModuleContainerAdaptor$ModuleEvent;)V+13
j  org.eclipse.osgi.container.Module.start([Lorg/eclipse/osgi/container/Module$StartOptions;)V+588
j  org.eclipse.osgi.container.ModuleContainer$ContainerStartLevel$2.run()V+83
j  org.eclipse.osgi.internal.framework.EquinoxContainerAdaptor$1$1.execute(Ljava/lang/Runnable;)V+1
j  org.eclipse.osgi.container.ModuleContainer$ContainerStartLevel.incStartLevel(ILjava/util/List;Z)V+193
j  org.eclipse.osgi.container.ModuleContainer$ContainerStartLevel.incStartLevel(ILjava/util/List;Ljava/util/List;Ljava/util/List;Ljava/util/List;)V+4
j  org.eclipse.osgi.container.ModuleContainer$ContainerStartLevel.doContainerStartLevel(Lorg/eclipse/osgi/container/Module;I[Lorg/osgi/framework/FrameworkListener;)V+358
j  org.eclipse.osgi.container.ModuleContainer$ContainerStartLevel.dispatchEvent(Lorg/eclipse/osgi/container/Module;[Lorg/osgi/framework/FrameworkListener;ILjava/lang/Integer;)V+32
j  org.eclipse.osgi.container.ModuleContainer$ContainerStartLevel.dispatchEvent(Ljava/lang/Object;Ljava/lang/Object;ILjava/lang/Object;)V+15
j  org.eclipse.osgi.framework.eventmgr.EventManager.dispatchEvent(Ljava/util/Set;Lorg/eclipse/osgi/framework/eventmgr/EventDispatcher;ILjava/lang/Object;)V+48
j  org.eclipse.osgi.framework.eventmgr.EventManager$EventThread.run()V+26
v  ~StubRoutines::call_stub 0x000001c8ee62100d
new  187 new  [0x000001c8ee6390e0, 0x000001c8ee6392e8]  520 bytes
[MachCode]
  0x000001c8ee6390e0: 4883 ec08 | c5fa 1104 | 24eb 1f48 | 83ec 10c5 | fb11 0424 | eb14 4883 | ec10 4889 | 0424 48c7 
  0x000001c8ee639100: 4424 0800 | 0000 00eb | 0150 410f | b755 010f | cac1 ea10 | 488b 4de8 | 488b 4908 | 488b 4908 
  0x000001c8ee639120: 488b 4108 | 807c 1004 | 070f 85d3 | 0000 0066 | 8b54 d148 | 488b 4928 | 488b 4cd1 | 0851 80b9 
  0x000001c8ee639140: 2101 0000 | 040f 85b6 | 0000 008b | 5108 f6c2 | 010f 85aa | 0000 0049 | 8b87 b801 | 0000 488d 
  0x000001c8ee639160: 1c10 493b | 9fc8 0100 | 000f 8792 | 0000 0049 | 899f b801 | 0000 4883 | ea10 0f84 | 0f00 0000 
  0x000001c8ee639180: 33c9 c1ea | 0348 894c | d008 48ff | ca75 f648 | c700 0100 | 0000 5933 | f689 700c | 49ba 0000 
  0x000001c8ee6391a0: 0080 c801 | 0000 492b | ca89 4808 | 49ba 3e5b | 3e73 fd7f | 0000 4180 | 3a00 0f84 | 3c00 0000 
  0x000001c8ee6391c0: 5048 8bc8 | 4883 ec20 | 40f6 c40f | 0f84 1900 | 0000 4883 | ec08 48b8 | 904b e872 | fd7f 0000 
  0x000001c8ee6391e0: ffd0 4883 | c408 e90c | 0000 0048 | b890 4be8 | 72fd 7f00 | 00ff d048 | 83c4 2058 | e9cb 0000 
  0x000001c8ee639200: 0059 488b | 55e8 488b | 5208 488b | 5208 450f | b745 0141 | 0fc8 41c1 | e810 e805 | 0000 00e9 
  0x000001c8ee639220: a800 0000 | 488d 4424 | 084c 896d | c049 8bcf | c5f8 7749 | 89af a803 | 0000 4989 | 8798 0300 
  0x000001c8ee639240: 0048 83ec | 2040 f6c4 | 0f0f 8419 | 0000 0048 | 83ec 0848 | b8f0 48b2 | 72fd 7f00 | 00ff d048 
  0x000001c8ee639260: 83c4 08e9 | 0c00 0000 | 48b8 f048 | b272 fd7f | 0000 ffd0 | 4883 c420 | 49c7 8798 | 0300 0000 
  0x000001c8ee639280: 0000 0049 | c787 a803 | 0000 0000 | 0000 49c7 | 87a0 0300 | 0000 0000 | 00c5 f877 | 4983 7f08 
  0x000001c8ee6392a0: 000f 8405 | 0000 00e9 | 547c feff | 498b 87f0 | 0300 0049 | c787 f003 | 0000 0000 | 0000 4c8b 
  0x000001c8ee6392c0: 6dc0 4c8b | 75c8 4e8d | 74f5 00c3 | 410f b65d | 0349 83c5 | 0349 bab0 | 2041 73fd | 7f00 0041 
  0x000001c8ee6392e0: ff24 da0f | 1f44 0000 
[/MachCode]

---------------  P R O C E S S  ---------------

Threads class SMR info:
_java_thread_list=0x000001c8fcc1f5e0, length=15, elements={
0x000001c8e3efe930, 0x000001c8e3e67b10, 0x000001c8e3e690c0, 0x000001c8e3e6f470,
0x000001c8e3e70180, 0x000001c8e3e73030, 0x000001c8e3e77c60, 0x000001c8e3e7bf60,
0x000001c8e3e7aac0, 0x000001c8fc1febb0, 0x000001c8fc47e400, 0x000001c8fc6d8b70,
0x000001c8fc9b5b00, 0x000001c8fcb11a50, 0x000001c8fcd417c0
}

Java Threads: ( => current thread )
  0x000001c8e3efe930 JavaThread "main"                              [_thread_blocked, id=9460, stack(0x00000075ee000000,0x00000075ee100000) (1024K)]
  0x000001c8e3e67b10 JavaThread "Reference Handler"          daemon [_thread_blocked, id=11124, stack(0x00000075ee400000,0x00000075ee500000) (1024K)]
  0x000001c8e3e690c0 JavaThread "Finalizer"                  daemon [_thread_blocked, id=20636, stack(0x00000075ee500000,0x00000075ee600000) (1024K)]
  0x000001c8e3e6f470 JavaThread "Signal Dispatcher"          daemon [_thread_blocked, id=10228, stack(0x00000075ee600000,0x00000075ee700000) (1024K)]
  0x000001c8e3e70180 JavaThread "Attach Listener"            daemon [_thread_blocked, id=19552, stack(0x00000075ee700000,0x00000075ee800000) (1024K)]
  0x000001c8e3e73030 JavaThread "Service Thread"             daemon [_thread_blocked, id=13784, stack(0x00000075ee800000,0x00000075ee900000) (1024K)]
  0x000001c8e3e77c60 JavaThread "Monitor Deflation Thread"   daemon [_thread_blocked, id=21408, stack(0x00000075ee900000,0x00000075eea00000) (1024K)]
  0x000001c8e3e7bf60 JavaThread "C2 CompilerThread0"         daemon [_thread_blocked, id=476, stack(0x00000075eea00000,0x00000075eeb00000) (1024K)]
  0x000001c8e3e7aac0 JavaThread "C1 CompilerThread0"         daemon [_thread_blocked, id=18648, stack(0x00000075eeb00000,0x00000075eec00000) (1024K)]
  0x000001c8fc1febb0 JavaThread "Common-Cleaner"             daemon [_thread_blocked, id=14556, stack(0x00000075eec00000,0x00000075eed00000) (1024K)]
  0x000001c8fc47e400 JavaThread "Notification Thread"        daemon [_thread_blocked, id=15668, stack(0x00000075eee00000,0x00000075eef00000) (1024K)]
  0x000001c8fc6d8b70 JavaThread "Active Thread: Equinox Container: 390970be-a2e1-4072-bf7b-559dd6f43ebb"        [_thread_blocked, id=19852, stack(0x00000075ef600000,0x00000075ef700000) (1024K)]
  0x000001c8fc9b5b00 JavaThread "Framework Event Dispatcher: Equinox Container: 390970be-a2e1-4072-bf7b-559dd6f43ebb" daemon [_thread_blocked, id=20772, stack(0x00000075ef500000,0x00000075ef600000) (1024K)]
=>0x000001c8fcb11a50 JavaThread "Start Level: Equinox Container: 390970be-a2e1-4072-bf7b-559dd6f43ebb" daemon [_thread_in_vm, id=21116, stack(0x00000075ef700000,0x00000075ef800000) (1024K)]
  0x000001c8fcd417c0 JavaThread "SCR Component Actor"        daemon [_thread_blocked, id=10064, stack(0x00000075ef900000,0x00000075efa00000) (1024K)]
Total: 15

Other Threads:
  0x000001c8e16eeb90 VMThread "VM Thread"                           [id=8972, stack(0x00000075ee300000,0x00000075ee400000) (1024K)]
  0x000001c8e3d8ca00 WatcherThread "VM Periodic Task Thread"        [id=2736, stack(0x00000075ee200000,0x00000075ee300000) (1024K)]
  0x000001c8e3f1cad0 WorkerThread "GC Thread#0"                     [id=8232, stack(0x00000075ee100000,0x00000075ee200000) (1024K)]
  0x000001c8fcb8e3a0 WorkerThread "GC Thread#1"                     [id=2360, stack(0x00000075eef00000,0x00000075ef000000) (1024K)]
  0x000001c8fcb8eae0 WorkerThread "GC Thread#2"                     [id=9760, stack(0x00000075ef000000,0x00000075ef100000) (1024K)]
  0x000001c8fcb8e740 WorkerThread "GC Thread#3"                     [id=7680, stack(0x00000075ef100000,0x00000075ef200000) (1024K)]
  0x000001c8fcb8d8c0 WorkerThread "GC Thread#4"                     [id=2620, stack(0x00000075ef200000,0x00000075ef300000) (1024K)]
  0x000001c8fcb8e000 WorkerThread "GC Thread#5"                     [id=17768, stack(0x00000075ef300000,0x00000075ef400000) (1024K)]
  0x000001c8fcb8ee80 WorkerThread "GC Thread#6"                     [id=19248, stack(0x00000075ef400000,0x00000075ef500000) (1024K)]
  0x000001c8fcb8dc60 WorkerThread "GC Thread#7"                     [id=9604, stack(0x00000075ef800000,0x00000075ef900000) (1024K)]
Total: 10

Threads with active compile tasks:
Total: 0

VM state: not at safepoint (normal execution)

VM Mutex/Monitor currently owned by a thread:  ([mutex/lock_event])
[0x00007ffd733fc308] Metaspace_lock - owner thread: 0x000001c8fcb11a50

Heap address: 0x0000000080000000, size: 2048 MB, Compressed Oops mode: 32-bit

CDS archive(s) mapped at: [0x000001c880000000-0x000001c880ba0000-0x000001c880ba0000), size 12189696, SharedBaseAddress: 0x000001c880000000, ArchiveRelocationMode: 1.
Compressed class space mapped at: 0x000001c881000000-0x000001c8c1000000, reserved size: 1073741824
Narrow klass base: 0x000001c880000000, Narrow klass shift: 0, Narrow klass range: 0x100000000

GC Precious Log:
 CardTable entry size: 512
 CPUs: 8 total, 8 available
 Memory: 7952M
 Large Page Support: Disabled
 NUMA Support: Disabled
 Compressed Oops: Enabled (32-bit)
 Alignments: Space 512K, Generation 512K, Heap 2M
 Heap Min Capacity: 100M
 Heap Initial Capacity: 100M
 Heap Max Capacity: 2G
 Pre-touch: Disabled
 Parallel Workers: 8

Heap:
 PSYoungGen      total 29696K, used 10132K [0x00000000d5580000, 0x00000000d7680000, 0x0000000100000000)
  eden space 25600K, 23% used [0x00000000d5580000,0x00000000d5b6bda0,0x00000000d6e80000)
  from space 4096K, 99% used [0x00000000d7280000,0x00000000d76795f0,0x00000000d7680000)
  to   space 4096K, 0% used [0x00000000d6e80000,0x00000000d6e80000,0x00000000d7280000)
 ParOldGen       total 68608K, used 903K [0x0000000080000000, 0x0000000084300000, 0x00000000d5580000)
  object space 68608K, 1% used [0x0000000080000000,0x00000000800e1ec8,0x0000000084300000)
 Metaspace       used 9355K, committed 9600K, reserved 1114112K
  class space    used 975K, committed 1088K, reserved 1048576K

Card table byte_map: [0x000001c8e38a0000,0x000001c8e3cb0000] _byte_map_base: 0x000001c8e34a0000

Marking Bits: (ParMarkBitMap*) 0x00007ffd734031f0
 Begin Bits: [0x000001c8f63a0000, 0x000001c8f83a0000)
 End Bits:   [0x000001c8f83a0000, 0x000001c8fa3a0000)

Polling page: 0x000001c8e1b60000

Metaspace:

Usage:
  Non-class:      8.18 MB used.
      Class:    975.93 KB used.
       Both:      9.14 MB used.

Virtual space:
  Non-class space:       64.00 MB reserved,       8.31 MB ( 13%) committed,  1 nodes.
      Class space:        1.00 GB reserved,       1.06 MB ( <1%) committed,  1 nodes.
             Both:        1.06 GB reserved,       9.38 MB ( <1%) committed. 

Chunk freelists:
   Non-Class:  7.00 MB
       Class:  14.82 MB
        Both:  21.82 MB

MaxMetaspaceSize: unlimited
CompressedClassSpaceSize: 1.00 GB
Initial GC threshold: 21.00 MB
Current GC threshold: 21.00 MB
CDS: on
 - commit_granule_bytes: 65536.
 - commit_granule_words: 8192.
 - virtual_space_node_default_size: 8388608.
 - enlarge_chunks_in_place: 1.
 - use_allocation_guard: 0.


Internal statistics:

num_allocs_failed_limit: 0.
num_arena_births: 240.
num_arena_deaths: 0.
num_vsnodes_births: 2.
num_vsnodes_deaths: 0.
num_space_committed: 150.
num_space_uncommitted: 0.
num_chunks_returned_to_freelist: 0.
num_chunks_taken_from_freelist: 469.
num_chunk_merges: 0.
num_chunk_splits: 301.
num_chunks_enlarged: 204.
num_inconsistent_stats: 0.

CodeHeap 'non-profiled nmethods': size=120000Kb used=771Kb max_used=771Kb free=119228Kb
 bounds [0x000001c8eebc0000, 0x000001c8eee30000, 0x000001c8f60f0000]
CodeHeap 'profiled nmethods': size=120000Kb used=3296Kb max_used=3296Kb free=116703Kb
 bounds [0x000001c8e70f0000, 0x000001c8e7430000, 0x000001c8ee620000]
CodeHeap 'non-nmethods': size=5760Kb used=1220Kb max_used=1248Kb free=4539Kb
 bounds [0x000001c8ee620000, 0x000001c8ee890000, 0x000001c8eebc0000]
 total_blobs=2311 nmethods=1824 adapters=394
 compilation: enabled
              stopped_count=0, restarted_count=0
 full_count=0

Compilation events (20 events):
Event: 3.379 Thread 0x000001c8e3e7aac0 1823       1       org.eclipse.osgi.internal.loader.classpath.ClasspathManager::getClassLoader (5 bytes)
Event: 3.379 Thread 0x000001c8e3e7aac0 nmethod 1823 0x000001c8eec7ff90 code [0x000001c8eec80120, 0x000001c8eec801e8]
Event: 3.380 Thread 0x000001c8e3e7aac0 1821       1       org.eclipse.osgi.storage.bundlefile.BundleFile::getMruIndex (5 bytes)
Event: 3.380 Thread 0x000001c8e3e7aac0 nmethod 1821 0x000001c8eec80290 code [0x000001c8eec80420, 0x000001c8eec804e8]
Event: 3.380 Thread 0x000001c8e3e7aac0 1822       1       org.eclipse.osgi.internal.hookregistry.ClassLoaderHook::processClass (2 bytes)
Event: 3.380 Thread 0x000001c8e3e7aac0 nmethod 1822 0x000001c8eec80590 code [0x000001c8eec80720, 0x000001c8eec807f0]
Event: 3.380 Thread 0x000001c8e3e7aac0 1820       1       org.eclipse.osgi.internal.framework.EquinoxConfiguration::getHookRegistry (5 bytes)
Event: 3.380 Thread 0x000001c8e3e7aac0 nmethod 1820 0x000001c8eec80890 code [0x000001c8eec80a20, 0x000001c8eec80ae8]
Event: 3.381 Thread 0x000001c8e3e7aac0 1824       3       java.util.ArrayList$SubList$1::next (85 bytes)
Event: 3.381 Thread 0x000001c8e3e7aac0 nmethod 1824 0x000001c8e7426610 code [0x000001c8e7426800, 0x000001c8e7426ce8]
Event: 3.381 Thread 0x000001c8e3e7aac0 1825       3       java.util.ArrayList$SubList$1::checkForComodification (26 bytes)
Event: 3.382 Thread 0x000001c8e3e7aac0 nmethod 1825 0x000001c8e7426f10 code [0x000001c8e74270c0, 0x000001c8e74272f0]
Event: 3.383 Thread 0x000001c8e3e7aac0 1826       3       org.eclipse.osgi.internal.framework.EquinoxBundle::getSymbolicName (11 bytes)
Event: 3.384 Thread 0x000001c8e3e7aac0 nmethod 1826 0x000001c8e7427410 code [0x000001c8e74275c0, 0x000001c8e7427788]
Event: 3.404 Thread 0x000001c8e3e7aac0 1827       3       java.lang.invoke.MethodHandleNatives::refKindHasReceiver (33 bytes)
Event: 3.404 Thread 0x000001c8e3e7aac0 nmethod 1827 0x000001c8e7427890 code [0x000001c8e7427a20, 0x000001c8e7427b70]
Event: 3.404 Thread 0x000001c8e3e7aac0 1828       1       java.lang.invoke.MethodHandleNatives::isPullModeBSM (2 bytes)
Event: 3.404 Thread 0x000001c8e3e7aac0 nmethod 1828 0x000001c8eec80b90 code [0x000001c8eec80d20, 0x000001c8eec80dc8]
Event: 3.405 Thread 0x000001c8e3e7aac0 1829       3       java.lang.invoke.ConstantCallSite::getTarget (20 bytes)
Event: 3.405 Thread 0x000001c8e3e7aac0 nmethod 1829 0x000001c8e7427c10 code [0x000001c8e7427dc0, 0x000001c8e7427fd8]

GC Heap History (4 events):
Event: 1.597 GC heap before
{Heap before GC invocations=1 (full 0):
 PSYoungGen      total 29696K, used 25600K [0x00000000d5580000, 0x00000000d7680000, 0x0000000100000000)
  eden space 25600K, 100% used [0x00000000d5580000,0x00000000d6e80000,0x00000000d6e80000)
  from space 4096K, 0% used [0x00000000d7280000,0x00000000d7280000,0x00000000d7680000)
  to   space 4096K, 0% used [0x00000000d6e80000,0x00000000d6e80000,0x00000000d7280000)
 ParOldGen       total 68608K, used 0K [0x0000000080000000, 0x0000000084300000, 0x00000000d5580000)
  object space 68608K, 0% used [0x0000000080000000,0x0000000080000000,0x0000000084300000)
 Metaspace       used 4302K, committed 4608K, reserved 1114112K
  class space    used 458K, committed 576K, reserved 1048576K
}
Event: 1.610 GC heap after
{Heap after GC invocations=1 (full 0):
 PSYoungGen      total 29696K, used 3311K [0x00000000d5580000, 0x00000000d7680000, 0x0000000100000000)
  eden space 25600K, 0% used [0x00000000d5580000,0x00000000d5580000,0x00000000d6e80000)
  from space 4096K, 80% used [0x00000000d6e80000,0x00000000d71bbf18,0x00000000d7280000)
  to   space 4096K, 0% used [0x00000000d7280000,0x00000000d7280000,0x00000000d7680000)
 ParOldGen       total 68608K, used 16K [0x0000000080000000, 0x0000000084300000, 0x00000000d5580000)
  object space 68608K, 0% used [0x0000000080000000,0x0000000080004000,0x0000000084300000)
 Metaspace       used 4302K, committed 4608K, reserved 1114112K
  class space    used 458K, committed 576K, reserved 1048576K
}
Event: 3.251 GC heap before
{Heap before GC invocations=2 (full 0):
 PSYoungGen      total 29696K, used 28911K [0x00000000d5580000, 0x00000000d7680000, 0x0000000100000000)
  eden space 25600K, 100% used [0x00000000d5580000,0x00000000d6e80000,0x00000000d6e80000)
  from space 4096K, 80% used [0x00000000d6e80000,0x00000000d71bbf18,0x00000000d7280000)
  to   space 4096K, 0% used [0x00000000d7280000,0x00000000d7280000,0x00000000d7680000)
 ParOldGen       total 68608K, used 16K [0x0000000080000000, 0x0000000084300000, 0x00000000d5580000)
  object space 68608K, 0% used [0x0000000080000000,0x0000000080004000,0x0000000084300000)
 Metaspace       used 8110K, committed 8384K, reserved 1114112K
  class space    used 840K, committed 960K, reserved 1048576K
}
Event: 3.260 GC heap after
{Heap after GC invocations=2 (full 0):
 PSYoungGen      total 29696K, used 4069K [0x00000000d5580000, 0x00000000d7680000, 0x0000000100000000)
  eden space 25600K, 0% used [0x00000000d5580000,0x00000000d5580000,0x00000000d6e80000)
  from space 4096K, 99% used [0x00000000d7280000,0x00000000d76795f0,0x00000000d7680000)
  to   space 4096K, 0% used [0x00000000d6e80000,0x00000000d6e80000,0x00000000d7280000)
 ParOldGen       total 68608K, used 903K [0x0000000080000000, 0x0000000084300000, 0x00000000d5580000)
  object space 68608K, 1% used [0x0000000080000000,0x00000000800e1ec8,0x0000000084300000)
 Metaspace       used 8110K, committed 8384K, reserved 1114112K
  class space    used 840K, committed 960K, reserved 1048576K
}

Dll operation events (9 events):
Event: 0.043 Loaded shared library c:\Users\kkini\.vscode\extensions\redhat.java-1.43.1-win32-x64\jre\21.0.7-win32-x86_64\bin\java.dll
Event: 0.177 Loaded shared library c:\Users\kkini\.vscode\extensions\redhat.java-1.43.1-win32-x64\jre\21.0.7-win32-x86_64\bin\zip.dll
Event: 0.215 Loaded shared library C:\Users\kkini\.vscode\extensions\redhat.java-1.43.1-win32-x64\jre\21.0.7-win32-x86_64\bin\instrument.dll
Event: 0.226 Loaded shared library C:\Users\kkini\.vscode\extensions\redhat.java-1.43.1-win32-x64\jre\21.0.7-win32-x86_64\bin\net.dll
Event: 0.235 Loaded shared library C:\Users\kkini\.vscode\extensions\redhat.java-1.43.1-win32-x64\jre\21.0.7-win32-x86_64\bin\nio.dll
Event: 0.243 Loaded shared library C:\Users\kkini\.vscode\extensions\redhat.java-1.43.1-win32-x64\jre\21.0.7-win32-x86_64\bin\zip.dll
Event: 0.301 Loaded shared library C:\Users\kkini\.vscode\extensions\redhat.java-1.43.1-win32-x64\jre\21.0.7-win32-x86_64\bin\jimage.dll
Event: 0.529 Loaded shared library c:\Users\kkini\.vscode\extensions\redhat.java-1.43.1-win32-x64\jre\21.0.7-win32-x86_64\bin\verify.dll
Event: 3.175 Loaded shared library C:\Users\kkini\AppData\Roaming\Code\User\globalStorage\redhat.java\1.43.1\config_ss_win\org.eclipse.equinox.launcher\org.eclipse.equinox.launcher.win32.win32.x86_64_1.2.1300.v20250331-1702\eclipse_11911.dll

Deoptimization events (20 events):
Event: 2.672 Thread 0x000001c8e3efe930 Uncommon trap: trap_request=0xffffffde fr.pc=0x000001c8eebefd50 relative=0x0000000000000910
Event: 2.672 Thread 0x000001c8e3efe930 Uncommon trap: reason=class_check action=maybe_recompile pc=0x000001c8eebefd50 method=java.util.HashMap.putVal(ILjava/lang/Object;Ljava/lang/Object;ZZ)Ljava/lang/Object; @ 253 c2
Event: 2.672 Thread 0x000001c8e3efe930 DEOPT PACKING pc=0x000001c8eebefd50 sp=0x00000075ee0fdf80
Event: 2.672 Thread 0x000001c8e3efe930 DEOPT UNPACKING pc=0x000001c8ee673aa2 sp=0x00000075ee0fdf40 mode 2
Event: 2.809 Thread 0x000001c8e3efe930 DEOPT PACKING pc=0x000001c8e726fa08 sp=0x00000075ee0fc2c0
Event: 2.809 Thread 0x000001c8e3efe930 DEOPT UNPACKING pc=0x000001c8ee674242 sp=0x00000075ee0fb740 mode 0
Event: 2.811 Thread 0x000001c8e3efe930 DEOPT PACKING pc=0x000001c8e726fa08 sp=0x00000075ee0fc5d0
Event: 2.811 Thread 0x000001c8e3efe930 DEOPT UNPACKING pc=0x000001c8ee674242 sp=0x00000075ee0fba50 mode 0
Event: 2.812 Thread 0x000001c8e3efe930 Uncommon trap: trap_request=0xffffff45 fr.pc=0x000001c8eec724f0 relative=0x0000000000000910
Event: 2.812 Thread 0x000001c8e3efe930 Uncommon trap: reason=unstable_if action=reinterpret pc=0x000001c8eec724f0 method=java.util.HashMap.putVal(ILjava/lang/Object;Ljava/lang/Object;ZZ)Ljava/lang/Object; @ 81 c2
Event: 2.812 Thread 0x000001c8e3efe930 DEOPT PACKING pc=0x000001c8eec724f0 sp=0x00000075ee0fce30
Event: 2.812 Thread 0x000001c8e3efe930 DEOPT UNPACKING pc=0x000001c8ee673aa2 sp=0x00000075ee0fcd58 mode 2
Event: 2.813 Thread 0x000001c8e3efe930 DEOPT PACKING pc=0x000001c8e726fa08 sp=0x00000075ee0fc520
Event: 2.813 Thread 0x000001c8e3efe930 DEOPT UNPACKING pc=0x000001c8ee674242 sp=0x00000075ee0fb9a0 mode 0
Event: 2.814 Thread 0x000001c8e3efe930 DEOPT PACKING pc=0x000001c8e726fa08 sp=0x00000075ee0fc820
Event: 2.814 Thread 0x000001c8e3efe930 DEOPT UNPACKING pc=0x000001c8ee674242 sp=0x00000075ee0fbca0 mode 0
Event: 3.209 Thread 0x000001c8fcb11a50 Uncommon trap: trap_request=0xffffff6e fr.pc=0x000001c8eec2ee68 relative=0x00000000000003a8
Event: 3.209 Thread 0x000001c8fcb11a50 Uncommon trap: reason=loop_limit_check action=maybe_recompile pc=0x000001c8eec2ee68 method=java.lang.StringLatin1.indexOf([BI[BII)I @ 37 c2
Event: 3.209 Thread 0x000001c8fcb11a50 DEOPT PACKING pc=0x000001c8eec2ee68 sp=0x00000075ef7f8b40
Event: 3.209 Thread 0x000001c8fcb11a50 DEOPT UNPACKING pc=0x000001c8ee673aa2 sp=0x00000075ef7f8aa0 mode 2

Classes loaded (20 events):
Event: 3.475 Loading class com/sun/org/apache/xerces/internal/impl/dtd/XMLDTDValidator
Event: 3.476 Loading class com/sun/org/apache/xerces/internal/xni/parser/XMLDocumentFilter
Event: 3.476 Loading class com/sun/org/apache/xerces/internal/xni/parser/XMLDocumentFilter done
Event: 3.476 Loading class com/sun/org/apache/xerces/internal/impl/dtd/XMLDTDValidatorFilter
Event: 3.477 Loading class com/sun/org/apache/xerces/internal/impl/dtd/XMLDTDValidatorFilter done
Event: 3.477 Loading class com/sun/org/apache/xerces/internal/impl/RevalidationHandler
Event: 3.477 Loading class com/sun/org/apache/xerces/internal/impl/RevalidationHandler done
Event: 3.477 Loading class com/sun/org/apache/xerces/internal/impl/dtd/XMLDTDValidator done
Event: 3.477 Loading class com/sun/org/apache/xerces/internal/impl/dtd/XMLNSDTDValidator done
Event: 3.478 Loading class com/sun/org/apache/xerces/internal/impl/validation/ValidationState
Event: 3.478 Loading class com/sun/org/apache/xerces/internal/impl/dv/ValidationContext
Event: 3.478 Loading class com/sun/org/apache/xerces/internal/impl/dv/ValidationContext done
Event: 3.478 Loading class com/sun/org/apache/xerces/internal/impl/validation/ValidationState done
Event: 3.478 Loading class com/sun/org/apache/xerces/internal/impl/dtd/XMLElementDecl
Event: 3.478 Loading class com/sun/org/apache/xerces/internal/impl/dtd/XMLElementDecl done
Event: 3.478 Loading class com/sun/org/apache/xerces/internal/impl/dtd/XMLSimpleType
Event: 3.478 Loading class com/sun/org/apache/xerces/internal/impl/dtd/XMLSimpleType done
Event: 3.479 Loading class com/sun/org/apache/xerces/internal/impl/dtd/XMLAttributeDecl
Event: 3.479 Loading class com/sun/org/apache/xerces/internal/impl/dtd/XMLAttributeDecl done
Event: 3.479 Loading class com/sun/org/apache/xerces/internal/impl/dtd/DTDGrammarBucket

Classes unloaded (0 events):
No events

Classes redefined (0 events):
No events

Internal exceptions (20 events):
Event: 1.616 Thread 0x000001c8e3efe930 Exception <a 'java/lang/ClassNotFoundException'{0x00000000d5597638}: sun/net/www/protocol/c/Handler> (0x00000000d5597638) 
thrown [s\src\hotspot\share\classfile\systemDictionary.cpp, line 312]
Event: 1.616 Thread 0x000001c8e3efe930 Exception <a 'java/lang/ClassNotFoundException'{0x00000000d55989c8}: sun/net/www/protocol/d/Handler> (0x00000000d55989c8) 
thrown [s\src\hotspot\share\classfile\systemDictionary.cpp, line 312]
Event: 1.617 Thread 0x000001c8e3efe930 Exception <a 'java/lang/ClassNotFoundException'{0x00000000d5599b88}: sun/net/www/protocol/c/Handler> (0x00000000d5599b88) 
thrown [s\src\hotspot\share\classfile\systemDictionary.cpp, line 312]
Event: 1.639 Thread 0x000001c8e3efe930 Exception <a 'java/io/FileNotFoundException'{0x00000000d55be6a8}> (0x00000000d55be6a8) 
thrown [s\src\hotspot\share\prims\jni.cpp, line 520]
Event: 1.716 Thread 0x000001c8e3efe930 Implicit null exception at 0x000001c8eec1bb29 to 0x000001c8eec1c3f0
Event: 1.717 Thread 0x000001c8e3efe930 Implicit null exception at 0x000001c8eec1ce20 to 0x000001c8eec1d04c
Event: 1.718 Thread 0x000001c8e3efe930 Exception <a 'java/lang/NoSuchMethodError'{0x00000000d57aba70}: 'void java.lang.invoke.DirectMethodHandle$Holder.invokeStatic(java.lang.Object, java.lang.Object, java.lang.Object, java.lang.Object)'> (0x00000000d57aba70) 
thrown [s\src\hotspot\share\interpreter\linkResolver.cpp, line 773]
Event: 1.721 Thread 0x000001c8e3efe930 Implicit null exception at 0x000001c8eec1e9a0 to 0x000001c8eec1ebc0
Event: 1.722 Thread 0x000001c8e3efe930 Implicit null exception at 0x000001c8eec193c0 to 0x000001c8eec19445
Event: 1.904 Thread 0x000001c8e3efe930 Exception <a 'java/lang/NoSuchMethodError'{0x00000000d5a21df0}: 'void java.lang.invoke.DirectMethodHandle$Holder.invokeSpecial(java.lang.Object, java.lang.Object, java.lang.Object)'> (0x00000000d5a21df0) 
thrown [s\src\hotspot\share\interpreter\linkResolver.cpp, line 773]
Event: 2.452 Thread 0x000001c8e3efe930 Exception <a 'java/lang/NoSuchMethodError'{0x00000000d62d0418}: 'int java.lang.invoke.DirectMethodHandle$Holder.invokeVirtual(java.lang.Object, java.lang.Object)'> (0x00000000d62d0418) 
thrown [s\src\hotspot\share\interpreter\linkResolver.cpp, line 773]
Event: 2.538 Thread 0x000001c8e3efe930 Exception <a 'java/lang/NoSuchMethodError'{0x00000000d64433b0}: 'int java.lang.invoke.DirectMethodHandle$Holder.invokeStaticInit(java.lang.Object, java.lang.Object, java.lang.Object, java.lang.Object)'> (0x00000000d64433b0) 
thrown [s\src\hotspot\share\interpreter\linkResolver.cpp, line 773]
Event: 2.540 Thread 0x000001c8e3efe930 Exception <a 'java/lang/IncompatibleClassChangeError'{0x00000000d644b838}: Found class java.lang.Object, but interface was expected> (0x00000000d644b838) 
thrown [s\src\hotspot\share\interpreter\linkResolver.cpp, line 840]
Event: 2.541 Thread 0x000001c8e3efe930 Exception <a 'java/lang/NoSuchMethodError'{0x00000000d6451e48}: 'void java.lang.invoke.DirectMethodHandle$Holder.invokeStaticInit(java.lang.Object, java.lang.Object)'> (0x00000000d6451e48) 
thrown [s\src\hotspot\share\interpreter\linkResolver.cpp, line 773]
Event: 2.543 Thread 0x000001c8e3efe930 Exception <a 'java/lang/NoSuchMethodError'{0x00000000d645b020}: 'int java.lang.invoke.DirectMethodHandle$Holder.invokeStaticInit(java.lang.Object, java.lang.Object)'> (0x00000000d645b020) 
thrown [s\src\hotspot\share\interpreter\linkResolver.cpp, line 773]
Event: 2.629 Thread 0x000001c8e3efe930 Exception <a 'java/lang/NoSuchMethodError'{0x00000000d66a27c0}: 'java.lang.Object java.lang.invoke.DirectMethodHandle$Holder.newInvokeSpecial(java.lang.Object, int, java.lang.Object)'> (0x00000000d66a27c0) 
thrown [s\src\hotspot\share\interpreter\linkResolver.cpp, line 773]
Event: 2.737 Thread 0x000001c8e3efe930 Exception <a 'java/lang/ClassNotFoundException'{0x00000000d68ada08}: sun/net/www/protocol/plurl/Handler> (0x00000000d68ada08) 
thrown [s\src\hotspot\share\classfile\systemDictionary.cpp, line 312]
Event: 3.162 Thread 0x000001c8e3efe930 Exception <a 'java/lang/UnsatisfiedLinkError'{0x00000000d6d1bf20}: 'void org.eclipse.equinox.launcher.JNIBridge._update_splash()'> (0x00000000d6d1bf20) 
thrown [s\src\hotspot\share\prims\nativeLookup.cpp, line 415]
Event: 3.370 Thread 0x000001c8fcb11a50 Exception <a 'java/lang/NullPointerException'{0x00000000d5887878}> (0x00000000d5887878) 
thrown [s\src\hotspot\share\interpreter\linkResolver.cpp, line 1372]
Event: 3.370 Thread 0x000001c8fcb11a50 Exception <a 'java/lang/NullPointerException'{0x00000000d5887b58}> (0x00000000d5887b58) 
thrown [s\src\hotspot\share\interpreter\linkResolver.cpp, line 1372]

ZGC Phase Switch (0 events):
No events

VM Operations (20 events):
Event: 1.059 Executing VM operation: HandshakeAllThreads (Deoptimize)
Event: 1.059 Executing VM operation: HandshakeAllThreads (Deoptimize) done
Event: 1.089 Executing VM operation: HandshakeAllThreads (Deoptimize)
Event: 1.089 Executing VM operation: HandshakeAllThreads (Deoptimize) done
Event: 1.089 Executing VM operation: Cleanup
Event: 1.089 Executing VM operation: Cleanup done
Event: 1.597 Executing VM operation: ParallelGCFailedAllocation (Allocation Failure)
Event: 1.610 Executing VM operation: ParallelGCFailedAllocation (Allocation Failure) done
Event: 2.588 Executing VM operation: HandshakeAllThreads (Deoptimize)
Event: 2.588 Executing VM operation: HandshakeAllThreads (Deoptimize) done
Event: 2.604 Executing VM operation: HandshakeAllThreads (Deoptimize)
Event: 2.604 Executing VM operation: HandshakeAllThreads (Deoptimize) done
Event: 2.709 Executing VM operation: HandshakeAllThreads (Deoptimize)
Event: 2.709 Executing VM operation: HandshakeAllThreads (Deoptimize) done
Event: 2.709 Executing VM operation: Cleanup
Event: 2.709 Executing VM operation: Cleanup done
Event: 2.731 Executing VM operation: HandshakeAllThreads (Deoptimize)
Event: 2.731 Executing VM operation: HandshakeAllThreads (Deoptimize) done
Event: 3.251 Executing VM operation: ParallelGCFailedAllocation (Allocation Failure)
Event: 3.260 Executing VM operation: ParallelGCFailedAllocation (Allocation Failure) done

Memory protections (0 events):
No events

Nmethod flushes (0 events):
No events

Events (20 events):
Event: 0.106 Thread 0x000001c8e3efe930 Thread added: 0x000001c8e3e67b10
Event: 0.107 Thread 0x000001c8e3efe930 Thread added: 0x000001c8e3e690c0
Event: 0.107 Thread 0x000001c8e3efe930 Thread added: 0x000001c8e3e6f470
Event: 0.108 Thread 0x000001c8e3efe930 Thread added: 0x000001c8e3e70180
Event: 0.108 Thread 0x000001c8e3efe930 Thread added: 0x000001c8e3e73030
Event: 0.108 Thread 0x000001c8e3efe930 Thread added: 0x000001c8e3e77c60
Event: 0.108 Thread 0x000001c8e3efe930 Thread added: 0x000001c8e3e7bf60
Event: 0.109 Thread 0x000001c8e3efe930 Thread added: 0x000001c8e3e7aac0
Event: 0.149 Thread 0x000001c8e3efe930 Thread added: 0x000001c8fc1febb0
Event: 0.459 Thread 0x000001c8e3e7bf60 Thread added: 0x000001c8fc421e80
Event: 0.712 Thread 0x000001c8e3efe930 Thread added: 0x000001c8fc47e400
Event: 2.082 Thread 0x000001c8fc421e80 Thread exited: 0x000001c8fc421e80
Event: 2.091 Thread 0x000001c8e3e7aac0 Thread added: 0x000001c8fc421e80
Event: 2.140 Thread 0x000001c8e3e7aac0 Thread added: 0x000001c8fc9b5b00
Event: 2.562 Thread 0x000001c8e3efe930 Thread added: 0x000001c8fc6d8b70
Event: 3.122 Thread 0x000001c8fc9b5b00 Thread exited: 0x000001c8fc9b5b00
Event: 3.151 Thread 0x000001c8e3efe930 Thread added: 0x000001c8fc9b5b00
Event: 3.160 Thread 0x000001c8e3efe930 Thread added: 0x000001c8fcb11a50
Event: 3.296 Thread 0x000001c8fcb11a50 Thread added: 0x000001c8fcd417c0
Event: 3.319 Thread 0x000001c8fc421e80 Thread exited: 0x000001c8fc421e80


Dynamic libraries:
0x00007ff655440000 - 0x00007ff65544e000 	c:\Users\kkini\.vscode\extensions\redhat.java-1.43.1-win32-x64\jre\21.0.7-win32-x86_64\bin\java.exe
0x00007ffdd8280000 - 0x00007ffdd8489000 	C:\WINDOWS\SYSTEM32\ntdll.dll
0x00007ffdd6780000 - 0x00007ffdd683d000 	C:\WINDOWS\System32\KERNEL32.DLL
0x00007ffdd5b00000 - 0x00007ffdd5e84000 	C:\WINDOWS\System32\KERNELBASE.dll
0x00007ffdd5220000 - 0x00007ffdd53c6000 	C:\Windows\system32\hmpalert.dll
0x00007ffdd5060000 - 0x00007ffdd521a000 	C:\WINDOWS\System32\SophosED\SophosED.dll
0x00007ffdd5970000 - 0x00007ffdd5a81000 	C:\WINDOWS\System32\ucrtbase.dll
0x00007ffdbb470000 - 0x00007ffdbb488000 	c:\Users\kkini\.vscode\extensions\redhat.java-1.43.1-win32-x64\jre\21.0.7-win32-x86_64\bin\jli.dll
0x00007ffdd7550000 - 0x00007ffdd76fd000 	C:\WINDOWS\System32\USER32.dll
0x00007ffdd5710000 - 0x00007ffdd5736000 	C:\WINDOWS\System32\win32u.dll
0x00007ffdd66f0000 - 0x00007ffdd671a000 	C:\WINDOWS\System32\GDI32.dll
0x00007ffdd5e90000 - 0x00007ffdd5fae000 	C:\WINDOWS\System32\gdi32full.dll
0x00007ffdd6030000 - 0x00007ffdd60cd000 	C:\WINDOWS\System32\msvcp_win.dll
0x00007ffdbb450000 - 0x00007ffdbb46e000 	c:\Users\kkini\.vscode\extensions\redhat.java-1.43.1-win32-x64\jre\21.0.7-win32-x86_64\bin\VCRUNTIME140.dll
0x00007ffdbe0f0000 - 0x00007ffdbe395000 	C:\WINDOWS\WinSxS\amd64_microsoft.windows.common-controls_6595b64144ccf1df_6.0.22000.120_none_9d947278b86cc467\COMCTL32.dll
0x00007ffdd6310000 - 0x00007ffdd63b3000 	C:\WINDOWS\System32\msvcrt.dll
0x00007ffdd8200000 - 0x00007ffdd8231000 	C:\WINDOWS\System32\IMM32.DLL
0x00007ffdc3800000 - 0x00007ffdc380c000 	c:\Users\kkini\.vscode\extensions\redhat.java-1.43.1-win32-x64\jre\21.0.7-win32-x86_64\bin\vcruntime140_1.dll
0x00007ffdbb210000 - 0x00007ffdbb29d000 	c:\Users\kkini\.vscode\extensions\redhat.java-1.43.1-win32-x64\jre\21.0.7-win32-x86_64\bin\msvcp140.dll
0x00007ffd72750000 - 0x00007ffd734e0000 	c:\Users\kkini\.vscode\extensions\redhat.java-1.43.1-win32-x64\jre\21.0.7-win32-x86_64\bin\server\jvm.dll
0x00007ffdd7770000 - 0x00007ffdd781e000 	C:\WINDOWS\System32\ADVAPI32.dll
0x00007ffdd6860000 - 0x00007ffdd68fe000 	C:\WINDOWS\System32\sechost.dll
0x00007ffdd80d0000 - 0x00007ffdd81f1000 	C:\WINDOWS\System32\RPCRT4.dll
0x00007ffdd6900000 - 0x00007ffdd696f000 	C:\WINDOWS\System32\WS2_32.dll
0x00007ffdd5010000 - 0x00007ffdd505d000 	C:\WINDOWS\SYSTEM32\POWRPROF.dll
0x00007ffdcf180000 - 0x00007ffdcf18a000 	C:\WINDOWS\SYSTEM32\VERSION.dll
0x00007ffdcf8d0000 - 0x00007ffdcf903000 	C:\WINDOWS\SYSTEM32\WINMM.dll
0x00007ffdd4e20000 - 0x00007ffdd4e33000 	C:\WINDOWS\SYSTEM32\UMPDC.dll
0x00007ffdd4370000 - 0x00007ffdd4388000 	C:\WINDOWS\SYSTEM32\kernel.appcore.dll
0x00007ffdc1430000 - 0x00007ffdc143a000 	c:\Users\kkini\.vscode\extensions\redhat.java-1.43.1-win32-x64\jre\21.0.7-win32-x86_64\bin\jimage.dll
0x00007ffdc8960000 - 0x00007ffdc8b81000 	C:\WINDOWS\SYSTEM32\DBGHELP.DLL
0x00007ffdc4430000 - 0x00007ffdc4461000 	C:\WINDOWS\SYSTEM32\dbgcore.DLL
0x00007ffdd5fb0000 - 0x00007ffdd602f000 	C:\WINDOWS\System32\bcryptPrimitives.dll
0x00007ffdbe650000 - 0x00007ffdbe65f000 	c:\Users\kkini\.vscode\extensions\redhat.java-1.43.1-win32-x64\jre\21.0.7-win32-x86_64\bin\instrument.dll
0x00007ffdbb4e0000 - 0x00007ffdbb4ff000 	c:\Users\kkini\.vscode\extensions\redhat.java-1.43.1-win32-x64\jre\21.0.7-win32-x86_64\bin\java.dll
0x00007ffdd7900000 - 0x00007ffdd80c5000 	C:\WINDOWS\System32\SHELL32.dll
0x00007ffdd3250000 - 0x00007ffdd3ab2000 	C:\WINDOWS\SYSTEM32\windows.storage.dll
0x00007ffdd71d0000 - 0x00007ffdd7546000 	C:\WINDOWS\System32\combase.dll
0x00007ffdd30e0000 - 0x00007ffdd3247000 	C:\WINDOWS\SYSTEM32\wintypes.dll
0x00007ffdd6220000 - 0x00007ffdd630a000 	C:\WINDOWS\System32\SHCORE.dll
0x00007ffdd6720000 - 0x00007ffdd677d000 	C:\WINDOWS\System32\shlwapi.dll
0x00007ffdd5640000 - 0x00007ffdd5665000 	C:\WINDOWS\SYSTEM32\profapi.dll
0x00007ffdbaa20000 - 0x00007ffdbaa38000 	c:\Users\kkini\.vscode\extensions\redhat.java-1.43.1-win32-x64\jre\21.0.7-win32-x86_64\bin\zip.dll
0x00007ffdbe640000 - 0x00007ffdbe650000 	C:\Users\kkini\.vscode\extensions\redhat.java-1.43.1-win32-x64\jre\21.0.7-win32-x86_64\bin\net.dll
0x00007ffdd1090000 - 0x00007ffdd11a4000 	C:\WINDOWS\SYSTEM32\WINHTTP.dll
0x00007ffdd4870000 - 0x00007ffdd48d7000 	C:\WINDOWS\system32\mswsock.dll
0x00007ffdbaa00000 - 0x00007ffdbaa16000 	C:\Users\kkini\.vscode\extensions\redhat.java-1.43.1-win32-x64\jre\21.0.7-win32-x86_64\bin\nio.dll
0x00007ffdbe620000 - 0x00007ffdbe630000 	c:\Users\kkini\.vscode\extensions\redhat.java-1.43.1-win32-x64\jre\21.0.7-win32-x86_64\bin\verify.dll
0x00007ffdba9b0000 - 0x00007ffdba9f5000 	C:\Users\kkini\AppData\Roaming\Code\User\globalStorage\redhat.java\1.43.1\config_ss_win\org.eclipse.equinox.launcher\org.eclipse.equinox.launcher.win32.win32.x86_64_1.2.1300.v20250331-1702\eclipse_11911.dll
0x00007ffdd6f10000 - 0x00007ffdd70aa000 	C:\WINDOWS\System32\ole32.dll

dbghelp: loaded successfully - version: 4.0.5 - missing functions: none
symbol engine: initialized successfully - sym options: 0x614 - pdb path: .;c:\Users\kkini\.vscode\extensions\redhat.java-1.43.1-win32-x64\jre\21.0.7-win32-x86_64\bin;C:\WINDOWS\SYSTEM32;C:\WINDOWS\System32\SophosED;C:\WINDOWS\WinSxS\amd64_microsoft.windows.common-controls_6595b64144ccf1df_6.0.22000.120_none_9d947278b86cc467;c:\Users\kkini\.vscode\extensions\redhat.java-1.43.1-win32-x64\jre\21.0.7-win32-x86_64\bin\server;C:\Users\kkini\AppData\Roaming\Code\User\globalStorage\redhat.java\1.43.1\config_ss_win\org.eclipse.equinox.launcher\org.eclipse.equinox.launcher.win32.win32.x86_64_1.2.1300.v20250331-1702

VM Arguments:
jvm_args: --add-modules=ALL-SYSTEM --add-opens=java.base/java.util=ALL-UNNAMED --add-opens=java.base/java.lang=ALL-UNNAMED --add-opens=java.base/sun.nio.fs=ALL-UNNAMED -Declipse.application=org.eclipse.jdt.ls.core.id1 -Dosgi.bundles.defaultStartLevel=4 -Declipse.product=org.eclipse.jdt.ls.core.product -Djava.import.generatesMetadataFilesAtProjectRoot=false -DDetectVMInstallationsJob.disabled=true -Dfile.encoding=utf8 -XX:+UseParallelGC -XX:GCTimeRatio=4 -XX:AdaptiveSizePolicyWeight=90 -Dsun.zip.disableMemoryMapping=true -Xmx2G -Xms100m -Xlog:disable -javaagent:c:\Users\kkini\.vscode\extensions\redhat.java-1.43.1-win32-x64\lombok\lombok-1.18.39-4050.jar 
java_command: c:\Users\kkini\.vscode\extensions\redhat.java-1.43.1-win32-x64\server\plugins\org.eclipse.equinox.launcher_1.7.0.v20250519-0528.jar -configuration c:\Users\kkini\AppData\Roaming\Code\User\globalStorage\redhat.java\1.43.1\config_ss_win -data c:\Users\kkini\AppData\Roaming\Code\User\workspaceStorage\fa1e1fb80b6c2073ac49b9864d208935\redhat.java\ss_ws --pipe=\\.\pipe\lsp-bb78756e3b4b3bc88710077856257930-sock
java_class_path (initial): c:\Users\kkini\.vscode\extensions\redhat.java-1.43.1-win32-x64\server\plugins\org.eclipse.equinox.launcher_1.7.0.v20250519-0528.jar
Launcher Type: SUN_STANDARD

[Global flags]
    uintx AdaptiveSizePolicyWeight                 = 90                                        {product} {command line}
     intx CICompilerCount                          = 4                                         {product} {ergonomic}
    uintx GCTimeRatio                              = 4                                         {product} {command line}
   size_t InitialHeapSize                          = 104857600                                 {product} {command line}
   size_t MaxHeapSize                              = 2147483648                                {product} {command line}
   size_t MaxNewSize                               = 715653120                                 {product} {ergonomic}
   size_t MinHeapDeltaBytes                        = 524288                                    {product} {ergonomic}
   size_t MinHeapSize                              = 104857600                                 {product} {command line}
   size_t NewSize                                  = 34603008                                  {product} {ergonomic}
    uintx NonNMethodCodeHeapSize                   = 5839372                                {pd product} {ergonomic}
    uintx NonProfiledCodeHeapSize                  = 122909434                              {pd product} {ergonomic}
   size_t OldSize                                  = 70254592                                  {product} {ergonomic}
    uintx ProfiledCodeHeapSize                     = 122909434                              {pd product} {ergonomic}
    uintx ReservedCodeCacheSize                    = 251658240                              {pd product} {ergonomic}
     bool SegmentedCodeCache                       = true                                      {product} {ergonomic}
   size_t SoftMaxHeapSize                          = 2147483648                             {manageable} {ergonomic}
     bool UseCompressedOops                        = true                           {product lp64_product} {ergonomic}
     bool UseLargePagesIndividualAllocation        = false                                  {pd product} {ergonomic}
     bool UseParallelGC                            = true                                      {product} {command line}

Logging:
Log output configuration:
 #0: stdout all=off uptime,level,tags foldmultilines=false
 #1: stderr all=off uptime,level,tags foldmultilines=false

Environment Variables:
JAVA_HOME=C:\Program Files\Microsoft\jdk-17.0.15.6-hotspot\
PATH=C:\Program Files\Microsoft\jdk-17.0.15.6-hotspot\bin;C:\Program Files\Common Files\Oracle\Java\javapath;C:\WINDOWS\system32;C:\WINDOWS;C:\WINDOWS\System32\Wbem;C:\WINDOWS\System32\WindowsPowerShell\v1.0\;C:\WINDOWS\System32\OpenSSH\;C:\Program Files\RedHat\Podman\;C:\Program Files (x86)\PuTTY\;C:\Users\kkini\Downloads\sonar-scanner-cli-7.1.0.4889-windows-x64\sonar-scanner-7.1.0.4889-windows-x64\bin;C:\Program Files\nodejs\;C:\Users\kkini\Downloads\apache-maven-3.9.9-bin\apache-maven-3.9.9\bin;C:\Program Files\MySQL\MySQL Workbench 8.0 CE;C:\platform-tools;C:\Users\kkini\AppData\Local\Android\Sdk\platform-tools;C:\Users\kkini\AppData\Local\Android\Sdk\emulator;C:\Users\kkini\AppData\Local\Programs\Python\Python312\Scripts\;C:\Users\kkini\AppData\Local\Programs\Python\Python312\;C:\Users\kkini\AppData\Local\Programs\Python\Launcher\;C:\Users\kkini\AppData\Local\Microsoft\WindowsApps;C:\Users\kkini\AppData\Local\Programs\Microsoft VS Code\bin;C:\Users\kkini\AppData\Local\Programs\Git\cmd;C:\Users\kkini\AppData\Local\GitHubDesktop\bin;C:\Users\kkini\AppData\Roaming\npm
USERNAME=KKini
OS=Windows_NT
PROCESSOR_IDENTIFIER=Intel64 Family 6 Model 142 Stepping 12, GenuineIntel
TMP=C:\Users\kkini\AppData\Local\Temp
TEMP=C:\Users\kkini\AppData\Local\Temp




Periodic native trim disabled

---------------  S Y S T E M  ---------------

OS:
 Windows 11 , 64 bit Build 22000 (10.0.22000.2538)
OS uptime: 0 days 4:38 hours
Hyper-V role detected

CPU: total 8 (initial active 8) (4 cores per cpu, 2 threads per core) family 6 model 142 stepping 12 microcode 0x100, cx8, cmov, fxsr, ht, mmx, 3dnowpref, sse, sse2, sse3, ssse3, sse4.1, sse4.2, popcnt, lzcnt, tsc, tscinvbit, avx, avx2, aes, erms, clmul, bmi1, bmi2, adx, fma, vzeroupper, clflush, clflushopt, hv, rdtscp, f16c
Processor Information for processor 0
  Max Mhz: 2112, Current Mhz: 1609, Mhz Limit: 1605
Processor Information for processor 1
  Max Mhz: 2112, Current Mhz: 1609, Mhz Limit: 1605
Processor Information for processor 2
  Max Mhz: 2112, Current Mhz: 1609, Mhz Limit: 1605
Processor Information for processor 3
  Max Mhz: 2112, Current Mhz: 1609, Mhz Limit: 1605
Processor Information for processor 4
  Max Mhz: 2112, Current Mhz: 1609, Mhz Limit: 1605
Processor Information for processor 5
  Max Mhz: 2112, Current Mhz: 1609, Mhz Limit: 1605
Processor Information for processor 6
  Max Mhz: 2112, Current Mhz: 1508, Mhz Limit: 1605
Processor Information for processor 7
  Max Mhz: 2112, Current Mhz: 1508, Mhz Limit: 1605

Memory: 4k page, system-wide physical 7952M (584M free)
TotalPageFile size 25505M (AvailPageFile size 76M)
current process WorkingSet (physical memory assigned to process): 97M, peak: 97M
current process commit charge ("private bytes"): 246M, peak: 246M

vm_info: OpenJDK 64-Bit Server VM (21.0.7+6-LTS) for windows-amd64 JRE (21.0.7+6-LTS), built on 2025-04-15T00:00:00Z by "admin" with MS VC++ 17.7 (VS2022)

END.
